Base path: C:/Program Files/Unity/Editor/Data
Cmd: getPlatforms
Cmd: disassembleShader
  api=5 insize=13150 outsize=13150 ok=1
Cmd: disassembleShader
  api=5 insize=15040 outsize=15040 ok=1
Cmd: disassembleShader
  api=5 insize=14964 outsize=14964 ok=1
Cmd: disassembleShader
  api=5 insize=16920 outsize=16920 ok=1
Cmd: disassembleShader
  api=5 insize=8503 outsize=8503 ok=1
Cmd: disassembleShader
  api=5 insize=8227 outsize=8227 ok=1
Cmd: disassembleShader
  api=5 insize=8297 outsize=8297 ok=1
Cmd: disassembleShader
  api=5 insize=8065 outsize=8065 ok=1
Cmd: disassembleShader
  api=5 insize=8635 outsize=8635 ok=1
Cmd: disassembleShader
  api=5 insize=7975 outsize=7975 ok=1
Cmd: disassembleShader
  api=5 insize=9623 outsize=9623 ok=1
Cmd: disassembleShader
  api=5 insize=9293 outsize=9293 ok=1
Cmd: disassembleShader
  api=5 insize=872 outsize=872 ok=1
Cmd: disassembleShader
  api=5 insize=4240 outsize=4240 ok=1
Cmd: disassembleShader
  api=5 insize=833 outsize=833 ok=1
Cmd: disassembleShader
  api=5 insize=13150 outsize=13150 ok=1
Cmd: disassembleShader
  api=5 insize=13320 outsize=13320 ok=1
Cmd: disassembleShader
  api=5 insize=13244 outsize=13244 ok=1
Cmd: disassembleShader
  api=5 insize=15200 outsize=15200 ok=1
Cmd: disassembleShader
  api=5 insize=7580 outsize=7580 ok=1
Cmd: disassembleShader
  api=5 insize=9232 outsize=9232 ok=1
Cmd: disassembleShader
  api=5 insize=8903 outsize=8903 ok=1
Cmd: disassembleShader
  api=5 insize=8606 outsize=8606 ok=1
Cmd: disassembleShader
  api=5 insize=9368 outsize=9368 ok=1
Cmd: disassembleShader
  api=5 insize=8635 outsize=8635 ok=1
Cmd: disassembleShader
  api=5 insize=7975 outsize=7975 ok=1
Cmd: disassembleShader
  api=5 insize=9623 outsize=9623 ok=1
Cmd: disassembleShader
  api=5 insize=9293 outsize=9293 ok=1
Cmd: disassembleShader
  api=5 insize=2562 outsize=2562 ok=1
Cmd: disassembleShader
  api=5 insize=4240 outsize=4240 ok=1
Cmd: disassembleShader
  api=5 insize=833 outsize=833 ok=1
Cmd: disassembleShader
  api=5 insize=14194 outsize=14194 ok=1
Cmd: disassembleShader
  api=5 insize=14364 outsize=14364 ok=1
Cmd: disassembleShader
  api=5 insize=14289 outsize=14289 ok=1
Cmd: disassembleShader
  api=5 insize=16249 outsize=16249 ok=1
Cmd: disassembleShader
  api=5 insize=8503 outsize=8503 ok=1
Cmd: disassembleShader
  api=5 insize=8227 outsize=8227 ok=1
Cmd: disassembleShader
  api=5 insize=8297 outsize=8297 ok=1
Cmd: disassembleShader
  api=5 insize=8065 outsize=8065 ok=1
Cmd: disassembleShader
  api=5 insize=8635 outsize=8635 ok=1
Cmd: disassembleShader
  api=5 insize=7975 outsize=7975 ok=1
Cmd: disassembleShader
  api=5 insize=9623 outsize=9623 ok=1
Cmd: disassembleShader
  api=5 insize=9293 outsize=9293 ok=1
Cmd: disassembleShader
  api=5 insize=1353 outsize=1353 ok=1
Cmd: disassembleShader
  api=5 insize=3921 outsize=3921 ok=1
Cmd: disassembleShader
  api=5 insize=833 outsize=833 ok=1
Cmd: disassembleShader
  api=5 insize=13150 outsize=13150 ok=1
Cmd: disassembleShader
  api=5 insize=13320 outsize=13320 ok=1
Cmd: disassembleShader
  api=5 insize=13244 outsize=13244 ok=1
Cmd: disassembleShader
  api=5 insize=15200 outsize=15200 ok=1
Cmd: disassembleShader
  api=5 insize=8503 outsize=8503 ok=1
Cmd: disassembleShader
  api=5 insize=8227 outsize=8227 ok=1
Cmd: disassembleShader
  api=5 insize=8297 outsize=8297 ok=1
Cmd: disassembleShader
  api=5 insize=8065 outsize=8065 ok=1
Cmd: disassembleShader
  api=5 insize=8635 outsize=8635 ok=1
Cmd: disassembleShader
  api=5 insize=7975 outsize=7975 ok=1
Cmd: disassembleShader
  api=5 insize=9623 outsize=9623 ok=1
Cmd: disassembleShader
  api=5 insize=9293 outsize=9293 ok=1
Cmd: disassembleShader
  api=5 insize=2562 outsize=2562 ok=1
Cmd: disassembleShader
  api=5 insize=4240 outsize=4240 ok=1
Cmd: disassembleShader
  api=5 insize=833 outsize=833 ok=1
Cmd: disassembleShader
  api=5 insize=13150 outsize=13150 ok=1
Cmd: disassembleShader
  api=5 insize=13320 outsize=13320 ok=1
Cmd: disassembleShader
  api=5 insize=13244 outsize=13244 ok=1
Cmd: disassembleShader
  api=5 insize=15200 outsize=15200 ok=1
Cmd: disassembleShader
  api=5 insize=7580 outsize=7580 ok=1
Cmd: disassembleShader
  api=5 insize=9232 outsize=9232 ok=1
Cmd: disassembleShader
  api=5 insize=8903 outsize=8903 ok=1
Cmd: disassembleShader
  api=5 insize=8606 outsize=8606 ok=1
Cmd: disassembleShader
  api=5 insize=9368 outsize=9368 ok=1
Cmd: disassembleShader
  api=5 insize=9146 outsize=9146 ok=1
Cmd: disassembleShader
  api=5 insize=8726 outsize=8726 ok=1
Cmd: disassembleShader
  api=5 insize=8620 outsize=8620 ok=1
Cmd: disassembleShader
  api=5 insize=872 outsize=872 ok=1
Cmd: disassembleShader
  api=5 insize=3943 outsize=3943 ok=1
Cmd: disassembleShader
  api=5 insize=833 outsize=833 ok=1
Cmd: disassembleShader
  api=5 insize=13150 outsize=13150 ok=1
Cmd: disassembleShader
  api=5 insize=13320 outsize=13320 ok=1
Cmd: disassembleShader
  api=5 insize=13244 outsize=13244 ok=1
Cmd: disassembleShader
  api=5 insize=15200 outsize=15200 ok=1
Cmd: disassembleShader
  api=5 insize=7580 outsize=7580 ok=1
Cmd: disassembleShader
  api=5 insize=9232 outsize=9232 ok=1
Cmd: disassembleShader
  api=5 insize=8903 outsize=8903 ok=1
Cmd: disassembleShader
  api=5 insize=8606 outsize=8606 ok=1
Cmd: disassembleShader
  api=5 insize=9368 outsize=9368 ok=1
Cmd: disassembleShader
  api=5 insize=9146 outsize=9146 ok=1
Cmd: disassembleShader
  api=5 insize=8726 outsize=8726 ok=1
Cmd: disassembleShader
  api=5 insize=8620 outsize=8620 ok=1
Cmd: disassembleShader
  api=5 insize=872 outsize=872 ok=1
Cmd: disassembleShader
  api=5 insize=3943 outsize=3943 ok=1
Cmd: disassembleShader
  api=5 insize=4240 outsize=4240 ok=1
Cmd: disassembleShader
  api=5 insize=3943 outsize=3943 ok=1
Cmd: disassembleShader
  api=5 insize=14870 outsize=14870 ok=1
Cmd: disassembleShader
  api=5 insize=13320 outsize=13320 ok=1
Cmd: disassembleShader
  api=5 insize=13244 outsize=13244 ok=1
Cmd: disassembleShader
  api=5 insize=15200 outsize=15200 ok=1
Cmd: disassembleShader
  api=5 insize=7580 outsize=7580 ok=1
Cmd: disassembleShader
  api=5 insize=9232 outsize=9232 ok=1
Cmd: disassembleShader
  api=5 insize=8903 outsize=8903 ok=1
Cmd: disassembleShader
  api=5 insize=8606 outsize=8606 ok=1
Cmd: disassembleShader
  api=5 insize=9368 outsize=9368 ok=1
Cmd: disassembleShader
  api=5 insize=9146 outsize=9146 ok=1
Cmd: disassembleShader
  api=5 insize=8726 outsize=8726 ok=1
Cmd: disassembleShader
  api=5 insize=8620 outsize=8620 ok=1
Cmd: disassembleShader
  api=5 insize=872 outsize=872 ok=1
Cmd: disassembleShader
  api=5 insize=3943 outsize=3943 ok=1
Cmd: disassembleShader
  api=5 insize=4240 outsize=4240 ok=1
Cmd: disassembleShader
  api=5 insize=3943 outsize=3943 ok=1
Cmd: disassembleShader
  api=5 insize=14870 outsize=14870 ok=1
Cmd: disassembleShader
  api=5 insize=13320 outsize=13320 ok=1
Cmd: disassembleShader
  api=5 insize=13244 outsize=13244 ok=1
Cmd: disassembleShader
  api=5 insize=15200 outsize=15200 ok=1
Cmd: disassembleShader
  api=5 insize=8503 outsize=8503 ok=1
Cmd: disassembleShader
  api=5 insize=7960 outsize=7960 ok=1
Cmd: disassembleShader
  api=5 insize=8533 outsize=8533 ok=1
Cmd: disassembleShader
  api=5 insize=7683 outsize=7683 ok=1
Cmd: disassembleShader
  api=5 insize=9335 outsize=9335 ok=1
Cmd: disassembleShader
  api=5 insize=9005 outsize=9005 ok=1
Cmd: disassembleShader
  api=5 insize=8894 outsize=8894 ok=1
Cmd: disassembleShader
  api=5 insize=9656 outsize=9656 ok=1
Cmd: disassembleShader
  api=5 insize=9434 outsize=9434 ok=1
Cmd: disassembleShader
  api=5 insize=1353 outsize=1353 ok=1
Cmd: disassembleShader
  api=5 insize=4240 outsize=4240 ok=1
Cmd: disassembleShader
  api=5 insize=833 outsize=833 ok=1
Cmd: disassembleShader
  api=5 insize=3943 outsize=3943 ok=1
Cmd: disassembleShader
  api=5 insize=14870 outsize=14870 ok=1
Cmd: disassembleShader
  api=5 insize=13320 outsize=13320 ok=1
Cmd: disassembleShader
  api=5 insize=13244 outsize=13244 ok=1
Cmd: disassembleShader
  api=5 insize=15200 outsize=15200 ok=1
Cmd: disassembleShader
  api=5 insize=7580 outsize=7580 ok=1
Cmd: disassembleShader
  api=5 insize=9232 outsize=9232 ok=1
Cmd: disassembleShader
  api=5 insize=8903 outsize=8903 ok=1
Cmd: disassembleShader
  api=5 insize=8606 outsize=8606 ok=1
Cmd: disassembleShader
  api=5 insize=9368 outsize=9368 ok=1
Cmd: disassembleShader
  api=5 insize=9146 outsize=9146 ok=1
Cmd: disassembleShader
  api=5 insize=8726 outsize=8726 ok=1
Cmd: disassembleShader
  api=5 insize=8620 outsize=8620 ok=1
Cmd: disassembleShader
  api=5 insize=872 outsize=872 ok=1
Cmd: disassembleShader
  api=5 insize=3943 outsize=3943 ok=1
Cmd: disassembleShader
  api=5 insize=14194 outsize=14194 ok=1
Cmd: disassembleShader
  api=5 insize=15040 outsize=15040 ok=1
Cmd: disassembleShader
  api=5 insize=14964 outsize=14964 ok=1
Cmd: disassembleShader
  api=5 insize=16920 outsize=16920 ok=1
Cmd: disassembleShader
  api=5 insize=8336 outsize=8336 ok=1
Cmd: disassembleShader
  api=5 insize=8227 outsize=8227 ok=1
Cmd: disassembleShader
  api=5 insize=8297 outsize=8297 ok=1
Cmd: disassembleShader
  api=5 insize=8065 outsize=8065 ok=1
Cmd: disassembleShader
  api=5 insize=8635 outsize=8635 ok=1
Cmd: disassembleShader
  api=5 insize=7975 outsize=7975 ok=1
Cmd: disassembleShader
  api=5 insize=9623 outsize=9623 ok=1
Cmd: disassembleShader
  api=5 insize=9293 outsize=9293 ok=1
Cmd: disassembleShader
  api=5 insize=1353 outsize=1353 ok=1
Cmd: disassembleShader
  api=5 insize=3943 outsize=3943 ok=1
Cmd: disassembleShader
  api=5 insize=13150 outsize=13150 ok=1
Cmd: disassembleShader
  api=5 insize=14364 outsize=14364 ok=1
Cmd: disassembleShader
  api=5 insize=14289 outsize=14289 ok=1
Cmd: disassembleShader
  api=5 insize=15200 outsize=15200 ok=1
Cmd: disassembleShader
  api=5 insize=8336 outsize=8336 ok=1
Cmd: disassembleShader
  api=5 insize=8227 outsize=8227 ok=1
Cmd: disassembleShader
  api=5 insize=8297 outsize=8297 ok=1
Cmd: disassembleShader
  api=5 insize=8065 outsize=8065 ok=1
Cmd: disassembleShader
  api=5 insize=8635 outsize=8635 ok=1
Cmd: disassembleShader
  api=5 insize=7975 outsize=7975 ok=1
Cmd: disassembleShader
  api=5 insize=9623 outsize=9623 ok=1
Cmd: disassembleShader
  api=5 insize=9293 outsize=9293 ok=1
Cmd: disassembleShader
  api=5 insize=1353 outsize=1353 ok=1
Cmd: disassembleShader
  api=5 insize=14194 outsize=14194 ok=1
Cmd: disassembleShader
  api=5 insize=15040 outsize=15040 ok=1
Cmd: disassembleShader
  api=5 insize=14964 outsize=14964 ok=1
Cmd: disassembleShader
  api=5 insize=16920 outsize=16920 ok=1
Cmd: disassembleShader
  api=5 insize=8336 outsize=8336 ok=1
Cmd: disassembleShader
  api=5 insize=8227 outsize=8227 ok=1
Cmd: disassembleShader
  api=5 insize=8297 outsize=8297 ok=1
Cmd: disassembleShader
  api=5 insize=8065 outsize=8065 ok=1
Cmd: disassembleShader
  api=5 insize=8635 outsize=8635 ok=1
Cmd: disassembleShader
  api=5 insize=7975 outsize=7975 ok=1
Cmd: disassembleShader
  api=5 insize=9623 outsize=9623 ok=1
Cmd: disassembleShader
  api=5 insize=9293 outsize=9293 ok=1
Cmd: disassembleShader
  api=5 insize=1353 outsize=1353 ok=1
Cmd: disassembleShader
  api=5 insize=833 outsize=833 ok=1
Cmd: disassembleShader
  api=5 insize=13150 outsize=13150 ok=1
Cmd: disassembleShader
  api=5 insize=14364 outsize=14364 ok=1
Cmd: disassembleShader
  api=5 insize=14289 outsize=14289 ok=1
Cmd: disassembleShader
  api=5 insize=16249 outsize=16249 ok=1
Cmd: disassembleShader
  api=5 insize=8336 outsize=8336 ok=1
Cmd: disassembleShader
  api=5 insize=9266 outsize=9266 ok=1
Cmd: disassembleShader
  api=5 insize=9044 outsize=9044 ok=1
Cmd: disassembleShader
  api=5 insize=8438 outsize=8438 ok=1
Cmd: disassembleShader
  api=5 insize=8332 outsize=8332 ok=1
Cmd: disassembleShader
  api=5 insize=8585 outsize=8585 ok=1
Cmd: disassembleShader
  api=5 insize=8353 outsize=8353 ok=1
Cmd: disassembleShader
  api=5 insize=8923 outsize=8923 ok=1
Cmd: disassembleShader
  api=5 insize=2562 outsize=2562 ok=1
Cmd: disassembleShader
  api=5 insize=4240 outsize=4240 ok=1
Cmd: disassembleShader
  api=5 insize=3943 outsize=3943 ok=1
Cmd: disassembleShader
  api=5 insize=14194 outsize=14194 ok=1
Cmd: disassembleShader
  api=5 insize=14364 outsize=14364 ok=1
Cmd: disassembleShader
  api=5 insize=14289 outsize=14289 ok=1
Cmd: disassembleShader
  api=5 insize=16249 outsize=16249 ok=1
Cmd: disassembleShader
  api=5 insize=8336 outsize=8336 ok=1
Cmd: disassembleShader
  api=5 insize=8227 outsize=8227 ok=1
Cmd: disassembleShader
  api=5 insize=8297 outsize=8297 ok=1
Cmd: disassembleShader
  api=5 insize=8065 outsize=8065 ok=1
Cmd: disassembleShader
  api=5 insize=8635 outsize=8635 ok=1
Cmd: disassembleShader
  api=5 insize=7975 outsize=7975 ok=1
Cmd: disassembleShader
  api=5 insize=9623 outsize=9623 ok=1
Cmd: disassembleShader
  api=5 insize=9293 outsize=9293 ok=1
Cmd: disassembleShader
  api=5 insize=2562 outsize=2562 ok=1
Cmd: disassembleShader
  api=5 insize=3921 outsize=3921 ok=1
Cmd: disassembleShader
  api=5 insize=3943 outsize=3943 ok=1
Cmd: disassembleShader
  api=5 insize=14870 outsize=14870 ok=1
Cmd: disassembleShader
  api=5 insize=13320 outsize=13320 ok=1
Cmd: disassembleShader
  api=5 insize=13244 outsize=13244 ok=1
Cmd: disassembleShader
  api=5 insize=15200 outsize=15200 ok=1
Cmd: disassembleShader
  api=5 insize=7580 outsize=7580 ok=1
Cmd: disassembleShader
  api=5 insize=9232 outsize=9232 ok=1
Cmd: disassembleShader
  api=5 insize=8903 outsize=8903 ok=1
Cmd: disassembleShader
  api=5 insize=8606 outsize=8606 ok=1
Cmd: disassembleShader
  api=5 insize=9368 outsize=9368 ok=1
Cmd: disassembleShader
  api=5 insize=9146 outsize=9146 ok=1
Cmd: disassembleShader
  api=5 insize=8726 outsize=8726 ok=1
Cmd: disassembleShader
  api=5 insize=8620 outsize=8620 ok=1
Cmd: disassembleShader
  api=5 insize=872 outsize=872 ok=1
Cmd: disassembleShader
  api=5 insize=3943 outsize=3943 ok=1
Cmd: disassembleShader
  api=5 insize=4240 outsize=4240 ok=1
Cmd: disassembleShader
  api=5 insize=14194 outsize=14194 ok=1
Cmd: disassembleShader
  api=5 insize=15040 outsize=15040 ok=1
Cmd: disassembleShader
  api=5 insize=14964 outsize=14964 ok=1
Cmd: disassembleShader
  api=5 insize=16920 outsize=16920 ok=1
Cmd: disassembleShader
  api=5 insize=8336 outsize=8336 ok=1
Cmd: disassembleShader
  api=5 insize=8227 outsize=8227 ok=1
Cmd: disassembleShader
  api=5 insize=8297 outsize=8297 ok=1
Cmd: disassembleShader
  api=5 insize=8065 outsize=8065 ok=1
Cmd: disassembleShader
  api=5 insize=8635 outsize=8635 ok=1
Cmd: disassembleShader
  api=5 insize=7975 outsize=7975 ok=1
Cmd: disassembleShader
  api=5 insize=9623 outsize=9623 ok=1
Cmd: disassembleShader
  api=5 insize=9293 outsize=9293 ok=1
Cmd: disassembleShader
  api=5 insize=1353 outsize=1353 ok=1
Cmd: disassembleShader
  api=5 insize=14194 outsize=14194 ok=1
Cmd: disassembleShader
  api=5 insize=12572 outsize=12572 ok=1
Cmd: disassembleShader
  api=5 insize=14964 outsize=14964 ok=1
Cmd: disassembleShader
  api=5 insize=16920 outsize=16920 ok=1
Cmd: disassembleShader
  api=5 insize=8336 outsize=8336 ok=1
Cmd: disassembleShader
  api=5 insize=9266 outsize=9266 ok=1
Cmd: disassembleShader
  api=5 insize=9044 outsize=9044 ok=1
Cmd: disassembleShader
  api=5 insize=8606 outsize=8606 ok=1
Cmd: disassembleShader
  api=5 insize=9368 outsize=9368 ok=1
Cmd: disassembleShader
  api=5 insize=9146 outsize=9146 ok=1
Cmd: disassembleShader
  api=5 insize=8726 outsize=8726 ok=1
Cmd: disassembleShader
  api=5 insize=8620 outsize=8620 ok=1
Cmd: disassembleShader
  api=5 insize=2562 outsize=2562 ok=1
Cmd: disassembleShader
  api=5 insize=3921 outsize=3921 ok=1
Cmd: disassembleShader
  api=5 insize=833 outsize=833 ok=1
Cmd: disassembleShader
  api=5 insize=13150 outsize=13150 ok=1
Cmd: disassembleShader
  api=5 insize=13320 outsize=13320 ok=1
Cmd: disassembleShader
  api=5 insize=13244 outsize=13244 ok=1
Cmd: disassembleShader
  api=5 insize=15200 outsize=15200 ok=1
Cmd: disassembleShader
  api=5 insize=7580 outsize=7580 ok=1
Cmd: disassembleShader
  api=5 insize=9232 outsize=9232 ok=1
Cmd: disassembleShader
  api=5 insize=8227 outsize=8227 ok=1
Cmd: disassembleShader
  api=5 insize=8297 outsize=8297 ok=1
Cmd: disassembleShader
  api=5 insize=8065 outsize=8065 ok=1
Cmd: disassembleShader
  api=5 insize=8635 outsize=8635 ok=1
Cmd: disassembleShader
  api=5 insize=7975 outsize=7975 ok=1
Cmd: disassembleShader
  api=5 insize=9623 outsize=9623 ok=1
Cmd: disassembleShader
  api=5 insize=9293 outsize=9293 ok=1
Cmd: disassembleShader
  api=5 insize=2562 outsize=2562 ok=1
Cmd: disassembleShader
  api=5 insize=4240 outsize=4240 ok=1
Cmd: disassembleShader
  api=5 insize=833 outsize=833 ok=1
Cmd: disassembleShader
  api=5 insize=3943 outsize=3943 ok=1
Cmd: disassembleShader
  api=5 insize=14194 outsize=14194 ok=1
Cmd: disassembleShader
  api=5 insize=13320 outsize=13320 ok=1
Cmd: disassembleShader
  api=5 insize=13244 outsize=13244 ok=1
Cmd: disassembleShader
  api=5 insize=15200 outsize=15200 ok=1
Cmd: disassembleShader
  api=5 insize=7580 outsize=7580 ok=1
Cmd: disassembleShader
  api=5 insize=9232 outsize=9232 ok=1
Cmd: disassembleShader
  api=5 insize=8903 outsize=8903 ok=1
Cmd: disassembleShader
  api=5 insize=8606 outsize=8606 ok=1
Cmd: disassembleShader
  api=5 insize=9368 outsize=9368 ok=1
Cmd: disassembleShader
  api=5 insize=9146 outsize=9146 ok=1
Cmd: disassembleShader
  api=5 insize=8726 outsize=8726 ok=1
Cmd: disassembleShader
  api=5 insize=8620 outsize=8620 ok=1
Cmd: disassembleShader
  api=5 insize=872 outsize=872 ok=1
Cmd: disassembleShader
  api=5 insize=3943 outsize=3943 ok=1
Cmd: disassembleShader
  api=5 insize=833 outsize=833 ok=1
Cmd: disassembleShader
  api=5 insize=13150 outsize=13150 ok=1
Cmd: disassembleShader
  api=5 insize=13320 outsize=13320 ok=1
Cmd: disassembleShader
  api=5 insize=13244 outsize=13244 ok=1
Cmd: disassembleShader
  api=5 insize=15200 outsize=15200 ok=1
Cmd: disassembleShader
  api=5 insize=7580 outsize=7580 ok=1
Cmd: disassembleShader
  api=5 insize=9232 outsize=9232 ok=1
Cmd: disassembleShader
  api=5 insize=8227 outsize=8227 ok=1
Cmd: disassembleShader
  api=5 insize=8297 outsize=8297 ok=1
Cmd: disassembleShader
  api=5 insize=8065 outsize=8065 ok=1
Cmd: disassembleShader
  api=5 insize=8635 outsize=8635 ok=1
Cmd: disassembleShader
  api=5 insize=7975 outsize=7975 ok=1
Cmd: disassembleShader
  api=5 insize=9623 outsize=9623 ok=1
Cmd: disassembleShader
  api=5 insize=9293 outsize=9293 ok=1
Cmd: disassembleShader
  api=5 insize=872 outsize=872 ok=1
Cmd: disassembleShader
  api=5 insize=3943 outsize=3943 ok=1
Cmd: disassembleShader
  api=5 insize=833 outsize=833 ok=1
Cmd: disassembleShader
  api=5 insize=13150 outsize=13150 ok=1
Cmd: disassembleShader
  api=5 insize=13320 outsize=13320 ok=1
Cmd: disassembleShader
  api=5 insize=13244 outsize=13244 ok=1
Cmd: disassembleShader
  api=5 insize=15200 outsize=15200 ok=1
Cmd: disassembleShader
  api=5 insize=7580 outsize=7580 ok=1
Cmd: disassembleShader
  api=5 insize=9232 outsize=9232 ok=1
Cmd: disassembleShader
  api=5 insize=8903 outsize=8903 ok=1
Cmd: disassembleShader
  api=5 insize=8606 outsize=8606 ok=1
Cmd: disassembleShader
  api=5 insize=9368 outsize=9368 ok=1
Cmd: disassembleShader
  api=5 insize=9146 outsize=9146 ok=1
Cmd: disassembleShader
  api=5 insize=8726 outsize=8726 ok=1
Cmd: disassembleShader
  api=5 insize=9293 outsize=9293 ok=1
Cmd: disassembleShader
  api=5 insize=1353 outsize=1353 ok=1
Cmd: disassembleShader
  api=5 insize=4240 outsize=4240 ok=1
Cmd: disassembleShader
  api=5 insize=833 outsize=833 ok=1
Cmd: disassembleShader
  api=13 insize=889 outsize=2399 ok=1
Cmd: disassembleShader
  api=15 insize=2129 outsize=3573 ok=1
Cmd: disassembleShader
  api=15 insize=3029 outsize=4795 ok=1
Cmd: disassembleShader
  api=15 insize=2129 outsize=3573 ok=1
Cmd: disassembleShader
  api=15 insize=3029 outsize=4795 ok=1
Cmd: disassembleShader
  api=15 insize=2129 outsize=3573 ok=1
Cmd: disassembleShader
  api=15 insize=3029 outsize=4795 ok=1
Cmd: disassembleShader
  api=15 insize=2485 outsize=4049 ok=1
Cmd: disassembleShader
  api=15 insize=3385 outsize=5271 ok=1
Cmd: disassembleShader
  api=15 insize=2353 outsize=3796 ok=1
Cmd: disassembleShader
  api=10 insize=1268 outsize=2159 ok=1
Cmd: disassembleShader
  api=10 insize=1256 outsize=2118 ok=1
Cmd: disassembleShader
  api=10 insize=1360 outsize=2291 ok=1
Cmd: disassembleShader
  api=10 insize=1320 outsize=2267 ok=1
Cmd: disassembleShader
  api=10 insize=1400 outsize=2359 ok=1
Cmd: disassembleShader
  api=10 insize=1320 outsize=2267 ok=1
Cmd: disassembleShader
  api=10 insize=1160 outsize=1946 ok=1
Cmd: disassembleShader
  api=10 insize=1252 outsize=2141 ok=1
Cmd: disassembleShader
  api=10 insize=1400 outsize=2359 ok=1
Cmd: disassembleShader
  api=10 insize=1456 outsize=2463 ok=1
Cmd: disassembleShader
  api=10 insize=1320 outsize=2267 ok=1
Cmd: disassembleShader
  api=10 insize=1320 outsize=2267 ok=1
Cmd: disassembleShader
  api=10 insize=1252 outsize=2141 ok=1
Cmd: disassembleShader
  api=10 insize=1268 outsize=2159 ok=1
Cmd: disassembleShader
  api=10 insize=1256 outsize=2118 ok=1
Cmd: disassembleShader
  api=10 insize=1360 outsize=2291 ok=1
Cmd: disassembleShader
  api=10 insize=1320 outsize=2267 ok=1
Cmd: disassembleShader
  api=10 insize=1400 outsize=2359 ok=1
Cmd: disassembleShader
  api=10 insize=1320 outsize=2267 ok=1
Cmd: disassembleShader
  api=10 insize=412 outsize=702 ok=1
Cmd: disassembleShader
  api=15 insize=1853 outsize=2834 ok=1
Cmd: disassembleShader
  api=15 insize=1953 outsize=3292 ok=1
Cmd: disassembleShader
  api=15 insize=1953 outsize=3292 ok=1
Cmd: disassembleShader
  api=15 insize=2309 outsize=3768 ok=1
Cmd: disassembleShader
  api=15 insize=2309 outsize=3768 ok=1
Cmd: disassembleShader
  api=15 insize=2309 outsize=3768 ok=1
Cmd: disassembleShader
  api=15 insize=2309 outsize=3768 ok=1
Cmd: disassembleShader
  api=15 insize=1953 outsize=3292 ok=1
Cmd: disassembleShader
  api=15 insize=1953 outsize=3292 ok=1
Cmd: disassembleShader
  api=15 insize=2309 outsize=3768 ok=1
Cmd: disassembleShader
  api=15 insize=2309 outsize=3768 ok=1
Cmd: disassembleShader
  api=15 insize=2309 outsize=3768 ok=1
Cmd: disassembleShader
  api=15 insize=2309 outsize=3768 ok=1
Cmd: disassembleShader
  api=15 insize=1089 outsize=2111 ok=1
Cmd: disassembleShader
  api=13 insize=1653 outsize=3812 ok=1
Cmd: disassembleShader
  api=13 insize=3493 outsize=6707 ok=1
Cmd: disassembleShader
  api=13 insize=3745 outsize=7151 ok=1
Cmd: disassembleShader
  api=9 insize=2400 outsize=3989 ok=1
Cmd: disassembleShader
  api=15 insize=2445 outsize=3963 ok=1
Cmd: disassembleShader
  api=13 insize=3745 outsize=7151 ok=1
Cmd: disassembleShader
  api=9 insize=2400 outsize=3989 ok=1
Cmd: disassembleShader
  api=15 insize=2445 outsize=3963 ok=1
Cmd: disassembleShader
  api=13 insize=3745 outsize=7151 ok=1
Cmd: disassembleShader
  api=9 insize=2400 outsize=3989 ok=1
Cmd: disassembleShader
  api=15 insize=2801 outsize=4439 ok=1
Cmd: disassembleShader
  api=13 insize=4273 outsize=8025 ok=1
Cmd: disassembleShader
  api=9 insize=2596 outsize=4370 ok=1
Cmd: disassembleShader
  api=15 insize=2505 outsize=3974 ok=1
Cmd: disassembleShader
  api=13 insize=3045 outsize=5976 ok=1
Cmd: disassembleShader
  api=9 insize=1244 outsize=2099 ok=1
Cmd: disassembleShader
  api=15 insize=2429 outsize=3880 ok=1
Cmd: disassembleShader
  api=13 insize=3929 outsize=7406 ok=1
Cmd: disassembleShader
  api=9 insize=1424 outsize=2377 ok=1
Cmd: disassembleShader
  api=15 insize=2577 outsize=4108 ok=1
Cmd: disassembleShader
  api=13 insize=3725 outsize=7058 ok=1
Cmd: disassembleShader
  api=9 insize=1136 outsize=1907 ok=1
Cmd: disassembleShader
  api=15 insize=2505 outsize=3979 ok=1
Cmd: disassembleShader
  api=13 insize=3637 outsize=6892 ok=1
Cmd: disassembleShader
  api=9 insize=1380 outsize=2305 ok=1
Cmd: disassembleShader
  api=15 insize=2265 outsize=3694 ok=1
Cmd: disassembleShader
  api=13 insize=3825 outsize=7244 ok=1
Cmd: disassembleShader
  api=9 insize=1300 outsize=2201 ok=1
Cmd: disassembleShader
  api=15 insize=2505 outsize=3974 ok=1
Cmd: disassembleShader
  api=13 insize=3045 outsize=5976 ok=1
Cmd: disassembleShader
  api=9 insize=1244 outsize=2099 ok=1
Cmd: disassembleShader
  api=15 insize=2429 outsize=3880 ok=1
Cmd: disassembleShader
  api=13 insize=3929 outsize=7406 ok=1
Cmd: disassembleShader
  api=9 insize=1424 outsize=2377 ok=1
Cmd: disassembleShader
  api=15 insize=2577 outsize=4108 ok=1
Cmd: disassembleShader
  api=13 insize=3725 outsize=7058 ok=1
Cmd: disassembleShader
  api=13 insize=2645 outsize=4938 ok=1
Cmd: disassembleShader
  api=9 insize=1064 outsize=1808 ok=1
Cmd: disassembleShader
  api=15 insize=801 outsize=1651 ok=1
Cmd: disassembleShader
  api=9 insize=848 outsize=1415 ok=1
Cmd: disassembleShader
  api=9 insize=1744 outsize=2998 ok=1
Cmd: disassembleShader
  api=15 insize=2553 outsize=3906 ok=1
Cmd: disassembleShader
  api=15 insize=805 outsize=1761 ok=1
Cmd: disassembleShader
  api=13 insize=2645 outsize=4938 ok=1
Cmd: disassembleShader
  api=15 insize=629 outsize=1425 ok=1
Cmd: disassembleShader
  api=15 insize=629 outsize=1425 ok=1
Cmd: disassembleShader
  api=13 insize=889 outsize=2399 ok=1
Cmd: disassembleShader
  api=15 insize=2129 outsize=3573 ok=1
Cmd: disassembleShader
  api=10 insize=2204 outsize=3647 ok=1
Cmd: disassembleShader
  api=10 insize=1392 outsize=2300 ok=1
Cmd: disassembleShader
  api=15 insize=2853 outsize=4514 ok=1
Cmd: disassembleShader
  api=15 insize=1953 outsize=3292 ok=1
Cmd: disassembleShader
  api=10 insize=2028 outsize=3328 ok=1
Cmd: disassembleShader
  api=10 insize=1412 outsize=2423 ok=1
Cmd: disassembleShader
  api=10 insize=2228 outsize=3677 ok=1
Cmd: disassembleShader
  api=15 insize=2353 outsize=3796 ok=1
Cmd: disassembleShader
  api=15 insize=2353 outsize=3801 ok=1
Cmd: disassembleShader
  api=10 insize=1400 outsize=2359 ok=1
Cmd: disassembleShader
  api=15 insize=2189 outsize=3605 ok=1
Cmd: disassembleShader
  api=15 insize=2425 outsize=3930 ok=1
Cmd: disassembleShader
  api=10 insize=1320 outsize=2267 ok=1
Cmd: disassembleShader
  api=10 insize=1252 outsize=2141 ok=1
Cmd: disassembleShader
  api=10 insize=1268 outsize=2159 ok=1
Cmd: disassembleShader
  api=15 insize=2353 outsize=3796 ok=1
Cmd: disassembleShader
  api=10 insize=1360 outsize=2291 ok=1
Cmd: disassembleShader
  api=10 insize=1320 outsize=2267 ok=1
Cmd: disassembleShader
  api=10 insize=1400 outsize=2359 ok=1
Cmd: disassembleShader
  api=10 insize=1320 outsize=2267 ok=1
Cmd: disassembleShader
  api=15 insize=2353 outsize=3796 ok=1
Cmd: disassembleShader
  api=10 insize=1252 outsize=2141 ok=1
Cmd: disassembleShader
  api=10 insize=1400 outsize=2359 ok=1
Cmd: disassembleShader
  api=10 insize=1456 outsize=2463 ok=1
Cmd: disassembleShader
  api=15 insize=2425 outsize=3930 ok=1
Cmd: disassembleShader
  api=15 insize=2557 outsize=4136 ok=1
Cmd: disassembleShader
  api=15 insize=2425 outsize=3930 ok=1
Cmd: disassembleShader
  api=15 insize=693 outsize=1435 ok=1
Cmd: disassembleShader
  api=15 insize=801 outsize=1651 ok=1
Cmd: disassembleShader
  api=10 insize=1216 outsize=1991 ok=1
Cmd: disassembleShader
  api=10 insize=1412 outsize=2423 ok=1
Cmd: disassembleShader
  api=15 insize=2309 outsize=3768 ok=1
Cmd: disassembleShader
  api=10 insize=1412 outsize=2423 ok=1
Cmd: disassembleShader
  api=15 insize=2309 outsize=3768 ok=1
Cmd: disassembleShader
  api=15 insize=2309 outsize=3768 ok=1
Cmd: disassembleShader
  api=10 insize=1216 outsize=1991 ok=1
Cmd: disassembleShader
  api=10 insize=1412 outsize=2423 ok=1
Cmd: disassembleShader
  api=10 insize=1412 outsize=2423 ok=1
Cmd: disassembleShader
  api=10 insize=1412 outsize=2423 ok=1
Cmd: disassembleShader
  api=10 insize=1412 outsize=2423 ok=1
Cmd: disassembleShader
  api=10 insize=1412 outsize=2423 ok=1
Cmd: disassembleShader
  api=9 insize=848 outsize=1415 ok=1
Cmd: disassembleShader
  api=9 insize=1764 outsize=3019 ok=1
Cmd: disassembleShader
  api=9 insize=2236 outsize=3695 ok=1
Cmd: disassembleShader
  api=9 insize=2400 outsize=3989 ok=1
Cmd: disassembleShader
  api=9 insize=1600 outsize=2725 ok=1
Cmd: disassembleShader
  api=13 insize=3493 outsize=6707 ok=1
Cmd: disassembleShader
  api=15 insize=3141 outsize=4878 ok=1
Cmd: disassembleShader
  api=13 insize=4881 outsize=8895 ok=1
Cmd: disassembleShader
  api=15 insize=2621 outsize=4244 ok=1
Cmd: disassembleShader
  api=13 insize=4629 outsize=8451 ok=1
Cmd: disassembleShader
  api=15 insize=2801 outsize=4439 ok=1
Cmd: disassembleShader
  api=13 insize=4273 outsize=8025 ok=1
Cmd: disassembleShader
  api=15 insize=3673 outsize=5635 ok=1
Cmd: disassembleShader
  api=9 insize=1136 outsize=1907 ok=1
Cmd: disassembleShader
  api=13 insize=3045 outsize=5976 ok=1
Cmd: disassembleShader
  api=15 insize=2505 outsize=3974 ok=1
Cmd: disassembleShader
  api=13 insize=3549 outsize=6769 ok=1
Cmd: disassembleShader
  api=15 insize=2265 outsize=3694 ok=1
Cmd: disassembleShader
  api=13 insize=3825 outsize=7244 ok=1
Cmd: disassembleShader
  api=13 insize=3725 outsize=7058 ok=1
Cmd: disassembleShader
  api=15 insize=2505 outsize=3974 ok=1
Cmd: disassembleShader
  api=13 insize=3045 outsize=5976 ok=1
Cmd: disassembleShader
  api=15 insize=2505 outsize=3974 ok=1
Cmd: disassembleShader
  api=13 insize=3549 outsize=6769 ok=1
Cmd: disassembleShader
  api=15 insize=2265 outsize=3694 ok=1
Cmd: disassembleShader
  api=13 insize=3825 outsize=7244 ok=1
Cmd: disassembleShader
  api=15 insize=2577 outsize=4108 ok=1
Cmd: disassembleShader
  api=13 insize=3637 outsize=6892 ok=1
Cmd: disassembleShader
  api=15 insize=2505 outsize=3979 ok=1
Cmd: disassembleShader
  api=13 insize=3637 outsize=6892 ok=1
Cmd: disassembleShader
  api=15 insize=2709 outsize=4314 ok=1
Cmd: disassembleShader
  api=13 insize=3321 outsize=6450 ok=1
Cmd: disassembleShader
  api=15 insize=2577 outsize=4108 ok=1
Cmd: disassembleShader
  api=13 insize=3725 outsize=7058 ok=1
Cmd: disassembleShader
  api=9 insize=388 outsize=667 ok=1
Cmd: disassembleShader
  api=15 insize=1853 outsize=2834 ok=1
Cmd: disassembleShader
  api=13 insize=1153 outsize=2875 ok=1
Cmd: disassembleShader
  api=9 insize=848 outsize=1415 ok=1
Cmd: disassembleShader
  api=13 insize=2965 outsize=5909 ok=1
Cmd: disassembleShader
  api=15 insize=2553 outsize=3906 ok=1
Cmd: disassembleShader
  api=13 insize=1037 outsize=2732 ok=1
Cmd: disassembleShader
  api=15 insize=805 outsize=1761 ok=1
Cmd: disassembleShader
  api=13 insize=2645 outsize=4938 ok=1
Cmd: disassembleShader
  api=15 insize=1953 outsize=3292 ok=1
Cmd: disassembleShader
  api=10 insize=2028 outsize=3328 ok=1
Cmd: disassembleShader
  api=10 insize=1216 outsize=1991 ok=1
Cmd: disassembleShader
  api=15 insize=2853 outsize=4514 ok=1
Cmd: disassembleShader
  api=10 insize=1216 outsize=1991 ok=1
Cmd: disassembleShader
  api=10 insize=2028 outsize=3328 ok=1
Cmd: disassembleShader
  api=10 insize=1412 outsize=2423 ok=1
Cmd: disassembleShader
  api=10 insize=2228 outsize=3677 ok=1
Cmd: disassembleShader
  api=15 insize=2353 outsize=3796 ok=1
Cmd: disassembleShader
  api=15 insize=2353 outsize=3801 ok=1
Cmd: disassembleShader
  api=15 insize=2353 outsize=3791 ok=1
Cmd: disassembleShader
  api=15 insize=2189 outsize=3605 ok=1
Cmd: disassembleShader
  api=15 insize=2425 outsize=3930 ok=1
Cmd: disassembleShader
  api=10 insize=1320 outsize=2267 ok=1
Cmd: disassembleShader
  api=15 insize=2425 outsize=3930 ok=1
Cmd: disassembleShader
  api=10 insize=1268 outsize=2159 ok=1
Cmd: disassembleShader
  api=10 insize=1256 outsize=2118 ok=1
Cmd: disassembleShader
  api=10 insize=1360 outsize=2291 ok=1
Cmd: disassembleShader
  api=10 insize=1320 outsize=2267 ok=1
Cmd: disassembleShader
  api=15 insize=2425 outsize=3930 ok=1
Cmd: disassembleShader
  api=15 insize=2425 outsize=3930 ok=1
Cmd: disassembleShader
  api=15 insize=2353 outsize=3796 ok=1
Cmd: disassembleShader
  api=10 insize=1252 outsize=2141 ok=1
Cmd: disassembleShader
  api=10 insize=1400 outsize=2359 ok=1
Cmd: disassembleShader
  api=15 insize=2189 outsize=3605 ok=1
Cmd: disassembleShader
  api=15 insize=2425 outsize=3930 ok=1
Cmd: disassembleShader
  api=15 insize=2557 outsize=4136 ok=1
Cmd: disassembleShader
  api=15 insize=1733 outsize=2618 ok=1
Cmd: disassembleShader
  api=15 insize=1853 outsize=2834 ok=1
Cmd: disassembleShader
  api=15 insize=1953 outsize=3292 ok=1
Cmd: disassembleShader
  api=15 insize=2309 outsize=3768 ok=1
Cmd: disassembleShader
  api=15 insize=2309 outsize=3768 ok=1
Cmd: disassembleShader
  api=10 insize=1412 outsize=2423 ok=1
Cmd: disassembleShader
  api=15 insize=2309 outsize=3768 ok=1
Cmd: disassembleShader
  api=15 insize=2309 outsize=3768 ok=1
Cmd: disassembleShader
  api=10 insize=1216 outsize=1991 ok=1
Cmd: disassembleShader
  api=10 insize=1412 outsize=2423 ok=1
Cmd: disassembleShader
  api=15 insize=2309 outsize=3768 ok=1
Cmd: disassembleShader
  api=15 insize=2309 outsize=3768 ok=1
Cmd: disassembleShader
  api=10 insize=1412 outsize=2423 ok=1
Cmd: disassembleShader
  api=15 insize=2309 outsize=3768 ok=1
Cmd: disassembleShader
  api=9 insize=848 outsize=1415 ok=1
Cmd: disassembleShader
  api=13 insize=3493 outsize=6707 ok=1
Cmd: disassembleShader
  api=15 insize=3141 outsize=4878 ok=1
Cmd: disassembleShader
  api=13 insize=4881 outsize=8895 ok=1
Cmd: disassembleShader
  api=15 insize=2621 outsize=4244 ok=1
Cmd: disassembleShader
  api=13 insize=4629 outsize=8451 ok=1
Cmd: disassembleShader
  api=15 insize=2445 outsize=3963 ok=1
Cmd: disassembleShader
  api=13 insize=3745 outsize=7151 ok=1
Cmd: disassembleShader
  api=15 insize=3317 outsize=5159 ok=1
Cmd: disassembleShader
  api=13 insize=4021 outsize=7581 ok=1
Cmd: disassembleShader
  api=15 insize=3497 outsize=5354 ok=1
Cmd: disassembleShader
  api=15 insize=3673 outsize=5635 ok=1
Cmd: disassembleShader
  api=13 insize=3637 outsize=6892 ok=1
Cmd: disassembleShader
  api=15 insize=2505 outsize=3979 ok=1
Cmd: disassembleShader
  api=13 insize=3637 outsize=6892 ok=1
Cmd: disassembleShader
  api=15 insize=2709 outsize=4314 ok=1
Cmd: disassembleShader
  api=13 insize=3321 outsize=6450 ok=1
Cmd: disassembleShader
  api=15 insize=2577 outsize=4108 ok=1
Cmd: disassembleShader
  api=13 insize=3725 outsize=7058 ok=1
Cmd: disassembleShader
  api=15 insize=2089 outsize=3413 ok=1
Cmd: disassembleShader
  api=13 insize=3637 outsize=6881 ok=1
Cmd: disassembleShader
  api=15 insize=2429 outsize=3880 ok=1
Cmd: disassembleShader
  api=13 insize=3929 outsize=7406 ok=1
Cmd: disassembleShader
  api=15 insize=2605 outsize=4161 ok=1
Cmd: disassembleShader
  api=13 insize=3725 outsize=7058 ok=1
Cmd: disassembleShader
  api=15 insize=2505 outsize=3974 ok=1
Cmd: disassembleShader
  api=13 insize=3045 outsize=5976 ok=1
Cmd: disassembleShader
  api=15 insize=2505 outsize=3974 ok=1
Cmd: disassembleShader
  api=13 insize=3549 outsize=6769 ok=1
Cmd: disassembleShader
  api=15 insize=2265 outsize=3694 ok=1
Cmd: disassembleShader
  api=13 insize=3825 outsize=7244 ok=1
Cmd: disassembleShader
  api=15 insize=2577 outsize=4108 ok=1
Cmd: disassembleShader
  api=9 insize=388 outsize=667 ok=1
Cmd: disassembleShader
  api=9 insize=1064 outsize=1808 ok=1
Cmd: disassembleShader
  api=15 insize=801 outsize=1651 ok=1
Cmd: disassembleShader
  api=9 insize=848 outsize=1415 ok=1
Cmd: disassembleShader
  api=15 insize=2009 outsize=3298 ok=1
Cmd: disassembleShader
  api=9 insize=1924 outsize=3289 ok=1
Cmd: disassembleShader
  api=15 insize=725 outsize=1617 ok=1
Cmd: disassembleShader
  api=15 insize=1733 outsize=2618 ok=1
Cmd: disassembleShader
  api=13 insize=1001 outsize=2528 ok=1
Cmd: disassembleShader
  api=15 insize=2129 outsize=3573 ok=1
Cmd: disassembleShader
  api=10 insize=2204 outsize=3647 ok=1
Cmd: disassembleShader
  api=10 insize=1392 outsize=2300 ok=1
Cmd: disassembleShader
  api=15 insize=3029 outsize=4795 ok=1
Cmd: disassembleShader
  api=10 insize=1392 outsize=2300 ok=1
Cmd: disassembleShader
  api=10 insize=2204 outsize=3647 ok=1
Cmd: disassembleShader
  api=10 insize=1588 outsize=2744 ok=1
Cmd: disassembleShader
  api=15 insize=3385 outsize=5271 ok=1
Cmd: disassembleShader
  api=15 insize=2013 outsize=3324 ok=1
Cmd: disassembleShader
  api=15 insize=2353 outsize=3796 ok=1
Cmd: disassembleShader
  api=10 insize=1360 outsize=2291 ok=1
Cmd: disassembleShader
  api=15 insize=2529 outsize=4072 ok=1
Cmd: disassembleShader
  api=10 insize=1400 outsize=2359 ok=1
Cmd: disassembleShader
  api=15 insize=2425 outsize=3930 ok=1
Cmd: disassembleShader
  api=10 insize=1160 outsize=1946 ok=1
Cmd: disassembleShader
  api=10 insize=1252 outsize=2141 ok=1
Cmd: disassembleShader
  api=10 insize=1400 outsize=2359 ok=1
Cmd: disassembleShader
  api=10 insize=1456 outsize=2463 ok=1
Cmd: disassembleShader
  api=10 insize=1320 outsize=2267 ok=1
Cmd: disassembleShader
  api=15 insize=2557 outsize=4136 ok=1
Cmd: disassembleShader
  api=10 insize=1252 outsize=2141 ok=1
Cmd: disassembleShader
  api=10 insize=1268 outsize=2159 ok=1
Cmd: disassembleShader
  api=10 insize=1256 outsize=2118 ok=1
Cmd: disassembleShader
  api=15 insize=2557 outsize=4136 ok=1
Cmd: disassembleShader
  api=15 insize=2529 outsize=4072 ok=1
Cmd: disassembleShader
  api=10 insize=1400 outsize=2359 ok=1
Cmd: disassembleShader
  api=10 insize=1320 outsize=2267 ok=1
Cmd: disassembleShader
  api=15 insize=1733 outsize=2618 ok=1
Cmd: disassembleShader
  api=15 insize=1853 outsize=2834 ok=1
Cmd: disassembleShader
  api=15 insize=1953 outsize=3292 ok=1
Cmd: disassembleShader
  api=15 insize=1953 outsize=3292 ok=1
Cmd: disassembleShader
  api=15 insize=2309 outsize=3768 ok=1
Cmd: disassembleShader
  api=15 insize=2309 outsize=3768 ok=1
Cmd: disassembleShader
  api=15 insize=2309 outsize=3768 ok=1
Cmd: disassembleShader
  api=10 insize=1412 outsize=2423 ok=1
Cmd: disassembleShader
  api=15 insize=1953 outsize=3292 ok=1
Cmd: disassembleShader
  api=10 insize=1216 outsize=1991 ok=1
Cmd: disassembleShader
  api=15 insize=2309 outsize=3768 ok=1
Cmd: disassembleShader
  api=10 insize=1412 outsize=2423 ok=1
Cmd: disassembleShader
  api=10 insize=1412 outsize=2423 ok=1
Cmd: disassembleShader
  api=10 insize=1412 outsize=2423 ok=1
Cmd: disassembleShader
  api=15 insize=2309 outsize=3768 ok=1
Cmd: disassembleShader
  api=13 insize=1653 outsize=3812 ok=1
Cmd: disassembleShader
  api=15 insize=2445 outsize=3963 ok=1
Cmd: disassembleShader
  api=15 insize=3141 outsize=4878 ok=1
Cmd: disassembleShader
  api=15 insize=3317 outsize=5159 ok=1
Cmd: disassembleShader
  api=13 insize=3493 outsize=6707 ok=1
Cmd: disassembleShader
  api=15 insize=3141 outsize=4878 ok=1
Cmd: disassembleShader
  api=13 insize=4881 outsize=8895 ok=1
Cmd: disassembleShader
  api=15 insize=2621 outsize=4244 ok=1
Cmd: disassembleShader
  api=13 insize=4629 outsize=8451 ok=1
Cmd: disassembleShader
  api=15 insize=2801 outsize=4439 ok=1
Cmd: disassembleShader
  api=13 insize=4273 outsize=8025 ok=1
Cmd: disassembleShader
  api=9 insize=2596 outsize=4370 ok=1
Cmd: disassembleShader
  api=13 insize=3637 outsize=6892 ok=1
Cmd: disassembleShader
  api=9 insize=1244 outsize=2099 ok=1
Cmd: disassembleShader
  api=9 insize=1236 outsize=2057 ok=1
Cmd: disassembleShader
  api=9 insize=1380 outsize=2305 ok=1
Cmd: disassembleShader
  api=9 insize=1324 outsize=2227 ok=1
Cmd: disassembleShader
  api=9 insize=1424 outsize=2377 ok=1
Cmd: disassembleShader
  api=9 insize=1300 outsize=2201 ok=1
Cmd: disassembleShader
  api=9 insize=1300 outsize=2201 ok=1
Cmd: disassembleShader
  api=9 insize=1244 outsize=2099 ok=1
Cmd: disassembleShader
  api=9 insize=1136 outsize=1907 ok=1
Cmd: disassembleShader
  api=9 insize=1260 outsize=2122 ok=1
Cmd: disassembleShader
  api=9 insize=1244 outsize=2099 ok=1
Cmd: disassembleShader
  api=9 insize=1236 outsize=2057 ok=1
Cmd: disassembleShader
  api=9 insize=1380 outsize=2305 ok=1
Cmd: disassembleShader
  api=9 insize=1324 outsize=2227 ok=1
Cmd: disassembleShader
  api=9 insize=1424 outsize=2377 ok=1
Cmd: disassembleShader
  api=15 insize=2577 outsize=4108 ok=1
Cmd: disassembleShader
  api=13 insize=3725 outsize=7058 ok=1
Cmd: disassembleShader
  api=15 insize=2089 outsize=3413 ok=1
Cmd: disassembleShader
  api=13 insize=3637 outsize=6881 ok=1
Cmd: disassembleShader
  api=15 insize=2429 outsize=3880 ok=1
Cmd: disassembleShader
  api=13 insize=3929 outsize=7406 ok=1
Cmd: disassembleShader
  api=15 insize=2605 outsize=4161 ok=1
Cmd: disassembleShader
  api=13 insize=3725 outsize=7058 ok=1
Cmd: disassembleShader
  api=13 insize=2645 outsize=4938 ok=1
Cmd: disassembleShader
  api=15 insize=1853 outsize=2834 ok=1
Cmd: disassembleShader
  api=13 insize=1153 outsize=2875 ok=1
Cmd: disassembleShader
  api=9 insize=848 outsize=1415 ok=1
Cmd: disassembleShader
  api=15 insize=2009 outsize=3298 ok=1
Cmd: disassembleShader
  api=13 insize=3557 outsize=6770 ok=1
Cmd: disassembleShader
  api=15 insize=725 outsize=1617 ok=1
Cmd: disassembleShader
  api=15 insize=1733 outsize=2618 ok=1
Cmd: disassembleShader
  api=13 insize=1001 outsize=2528 ok=1
Cmd: disassembleShader
  api=15 insize=529 outsize=1209 ok=1
